[22:56:48] [ServerMain/INFO]: Environment: authHost='https://authserver.mojang.com', accountsHost='https://api.mojang.com', sessionHost='https://sessionserver.mojang.com', servicesHost='https://api.minecraftservices.com', name='PROD'
[22:56:50] [ServerMain/INFO]: Loaded 7 recipes
[22:56:50] [ServerMain/INFO]: Loaded 1271 advancements
[22:56:50] [Server thread/INFO]: Starting minecraft server version 1.20
[22:56:50] [Server thread/INFO]: Loading properties
[22:56:50] [Server thread/INFO]: Default game type: SURVIVAL
[22:56:50] [Server thread/INFO]: Generating keypair
[22:56:50] [Server thread/INFO]: Starting Minecraft server on *:25565
[22:56:50] [Server thread/INFO]: Using epoll channel type
[22:56:50] [Server thread/INFO]: Preparing level "world"
[22:56:53] [Server thread/INFO]: Preparing start region for dimension minecraft:overworld
[22:56:57] [Worker-Main-1/INFO]: Preparing spawn area: 0%
[22:56:57] [Worker-Main-2/INFO]: Preparing spawn area: 0%
[22:56:57] [Worker-Main-2/INFO]: Preparing spawn area: 0%
[22:56:57] [Worker-Main-2/INFO]: Preparing spawn area: 0%
[22:56:57] [Worker-Main-1/INFO]: Preparing spawn area: 0%
[22:56:57] [Worker-Main-3/INFO]: Preparing spawn area: 0%
[22:56:57] [Worker-Main-3/INFO]: Preparing spawn area: 0%
[22:56:57] [Worker-Main-1/INFO]: Preparing spawn area: 0%
[22:56:57] [Worker-Main-2/INFO]: Preparing spawn area: 9%
[22:56:57] [Worker-Main-3/INFO]: Preparing spawn area: 83%
[22:56:58] [Server thread/INFO]: Time elapsed: 4631 ms
[22:56:58] [Server thread/INFO]: Done (7.129s)! For help, type "help"
[22:57:21] [Server thread/INFO]: Unknown or incomplete command, see below for error
[22:57:21] [Server thread/INFO]: -stop<--[HERE]
[22:57:28] [Server thread/INFO]: Stopping the server
[22:57:28] [Server thread/INFO]: Stopping server
[22:57:28] [Server thread/INFO]: Saving players
[22:57:28] [Server thread/INFO]: Saving worlds
[22:57:29] [Server thread/INFO]: Saving chunks for level 'ServerLevel[world]'/minecraft:overworld
[22:57:30] [Server thread/INFO]: Saving chunks for level 'ServerLevel[world]'/minecraft:the_nether
[22:57:30] [Server thread/INFO]: Saving chunks for level 'ServerLevel[world]'/minecraft:the_end
[22:57:30] [Server thread/INFO]: ThreadedAnvilChunkStorage (world): All chunks are saved
[22:57:30] [Server thread/INFO]: ThreadedAnvilChunkStorage (DIM-1): All chunks are saved
[22:57:30] [Server thread/INFO]: ThreadedAnvilChunkStorage (DIM1): All chunks are saved
[22:57:30] [Server thread/INFO]: ThreadedAnvilChunkStorage: All dimensions are saved
