[20:06:35] [main/INFO]: Environment: authHost='https://authserver.mojang.com', accountsHost='https://api.mojang.com', sessionHost='https://sessionserver.mojang.com', servicesHost='https://api.minecraftservices.com', name='PROD'
[20:06:35] [main/WARN]: Ambiguity between arguments [teleport, destination] and [teleport, targets] with inputs: [Player, 0123, @e, dd12be42-52a9-4a91-a8a1-11c01849e498]
[20:06:35] [main/WARN]: Ambiguity between arguments [teleport, location] and [teleport, destination] with inputs: [0.1 -0.5 .9, 0 0 0]
[20:06:35] [main/WARN]: Ambiguity between arguments [teleport, location] and [teleport, targets] with inputs: [0.1 -0.5 .9, 0 0 0]
[20:06:35] [main/WARN]: Ambiguity between arguments [teleport, targets] and [teleport, destination] with inputs: [Player, 0123, dd12be42-52a9-4a91-a8a1-11c01849e498]
[20:06:35] [main/WARN]: Ambiguity between arguments [teleport, targets, location] and [teleport, targets, destination] with inputs: [0.1 -0.5 .9, 0 0 0]
[20:06:35] [main/INFO]: Reloading ResourceManager: Default
[20:06:36] [Worker-Main-5/INFO]: Loaded 7 recipes
[20:06:36] [Worker-Main-5/INFO]: Loaded 927 advancements
[20:06:38] [Server thread/INFO]: Starting minecraft server version 1.16.4
[20:06:38] [Server thread/INFO]: Loading properties
[20:06:38] [Server thread/INFO]: Default game type: SURVIVAL
[20:06:38] [Server thread/INFO]: Generating keypair
[20:06:38] [Server thread/INFO]: Starting Minecraft server on *:25565
[20:06:38] [Server thread/INFO]: Using epoll channel type
[20:06:38] [Server thread/INFO]: Preparing level "world"
[20:06:38] [Server thread/INFO]: Preparing start region for dimension minecraft:overworld
[20:06:39] [IO-Worker-7/WARN]: Region file ./world/region/r.0.-1.mca has an invalid sector at index: 512; sector 271 is out of bounds
[20:06:39] [IO-Worker-7/WARN]: Region file ./world/region/r.0.-1.mca has an invalid sector at index: 513; sector 272 is out of bounds
[20:06:39] [IO-Worker-7/WARN]: Region file ./world/region/r.0.-1.mca has an invalid sector at index: 514; sector 273 is out of bounds
[20:06:39] [IO-Worker-7/WARN]: Region file ./world/region/r.0.-1.mca has an invalid sector at index: 515; sector 274 is out of bounds
[20:06:39] [IO-Worker-7/WARN]: Region file ./world/region/r.0.-1.mca has an invalid sector at index: 516; sector 275 is out of bounds
[20:06:39] [IO-Worker-7/WARN]: Region file ./world/region/r.0.-1.mca has an invalid sector at index: 517; sector 276 is out of bounds
[20:06:39] [IO-Worker-7/WARN]: Region file ./world/region/r.0.-1.mca has an invalid sector at index: 518; sector 277 is out of bounds
[20:06:39] [IO-Worker-7/WARN]: Region file ./world/region/r.0.-1.mca has an invalid sector at index: 519; sector 278 is out of bounds
[20:06:39] [IO-Worker-7/WARN]: Region file ./world/region/r.0.-1.mca has an invalid sector at index: 520; sector 280 is out of bounds
[20:06:39] [IO-Worker-7/WARN]: Region file ./world/region/r.0.-1.mca has an invalid sector at index: 521; sector 281 is out of bounds
[20:06:39] [IO-Worker-7/WARN]: Region file ./world/region/r.0.-1.mca has an invalid sector at index: 522; sector 282 is out of bounds
[20:06:39] [IO-Worker-7/WARN]: Region file ./world/region/r.0.-1.mca has an invalid sector at index: 523; sector 284 is out of bounds
[20:06:39] [IO-Worker-7/WARN]: Region file ./world/region/r.0.-1.mca has an invalid sector at index: 555; sector 286 is out of bounds
[20:06:39] [IO-Worker-7/WARN]: Region file ./world/region/r.0.-1.mca has an invalid sector at index: 587; sector 288 is out of bounds
[20:06:39] [IO-Worker-7/WARN]: Region file ./world/region/r.0.-1.mca has an invalid sector at index: 619; sector 290 is out of bounds
[20:06:39] [IO-Worker-7/WARN]: Region file ./world/region/r.0.-1.mca has an invalid sector at index: 651; sector 292 is out of bounds
[20:06:39] [IO-Worker-7/WARN]: Region file ./world/region/r.0.-1.mca has an invalid sector at index: 683; sector 293 is out of bounds
[20:06:39] [IO-Worker-7/WARN]: Region file ./world/region/r.0.-1.mca has an invalid sector at index: 715; sector 294 is out of bounds
[20:06:39] [IO-Worker-7/WARN]: Region file ./world/region/r.0.-1.mca has an invalid sector at index: 746; sector 257 is out of bounds
[20:06:39] [IO-Worker-7/WARN]: Region file ./world/region/r.0.-1.mca has an invalid sector at index: 747; sector 296 is out of bounds
[20:06:39] [IO-Worker-7/WARN]: Region file ./world/region/r.0.-1.mca has an invalid sector at index: 778; sector 259 is out of bounds
[20:06:39] [IO-Worker-7/WARN]: Region file ./world/region/r.0.-1.mca has an invalid sector at index: 779; sector 298 is out of bounds
[20:06:39] [IO-Worker-7/WARN]: Region file ./world/region/r.0.-1.mca has an invalid sector at index: 810; sector 261 is out of bounds
[20:06:39] [IO-Worker-7/WARN]: Region file ./world/region/r.0.-1.mca has an invalid sector at index: 811; sector 300 is out of bounds
[20:06:39] [IO-Worker-7/WARN]: Region file ./world/region/r.0.-1.mca has an invalid sector at index: 842; sector 262 is out of bounds
[20:06:39] [IO-Worker-7/WARN]: Region file ./world/region/r.0.-1.mca has an invalid sector at index: 843; sector 301 is out of bounds
[20:06:39] [IO-Worker-7/WARN]: Region file ./world/region/r.0.-1.mca has an invalid sector at index: 874; sector 263 is out of bounds
[20:06:39] [IO-Worker-7/WARN]: Region file ./world/region/r.0.-1.mca has an invalid sector at index: 875; sector 302 is out of bounds
[20:06:39] [IO-Worker-7/WARN]: Region file ./world/region/r.0.-1.mca has an invalid sector at index: 906; sector 264 is out of bounds
[20:06:39] [IO-Worker-7/WARN]: Region file ./world/region/r.0.-1.mca has an invalid sector at index: 907; sector 303 is out of bounds
[20:06:39] [IO-Worker-7/WARN]: Region file ./world/region/r.0.-1.mca has an invalid sector at index: 938; sector 265 is out of bounds
[20:06:39] [IO-Worker-7/WARN]: Region file ./world/region/r.0.-1.mca has an invalid sector at index: 939; sector 304 is out of bounds
[20:06:39] [IO-Worker-7/WARN]: Region file ./world/region/r.0.-1.mca has an invalid sector at index: 970; sector 267 is out of bounds
[20:06:39] [IO-Worker-7/WARN]: Region file ./world/region/r.0.-1.mca has an invalid sector at index: 971; sector 305 is out of bounds
[20:06:39] [IO-Worker-7/WARN]: Region file ./world/region/r.0.-1.mca has an invalid sector at index: 1002; sector 269 is out of bounds
[20:06:39] [IO-Worker-7/WARN]: Region file ./world/region/r.0.-1.mca has an invalid sector at index: 1003; sector 307 is out of bounds
[20:06:39] [IO-Worker-7/WARN]: Region file ./world/region/r.-1.-1.mca has an invalid sector at index: 917; sector 257 is out of bounds
[20:06:39] [IO-Worker-7/WARN]: Region file ./world/region/r.-1.-1.mca has an invalid sector at index: 949; sector 259 is out of bounds
[20:06:39] [IO-Worker-7/WARN]: Region file ./world/region/r.-1.-1.mca has an invalid sector at index: 981; sector 260 is out of bounds
[20:06:39] [IO-Worker-7/WARN]: Region file ./world/region/r.-1.-1.mca has an invalid sector at index: 1013; sector 261 is out of bounds
[20:06:40] [IO-Worker-9/ERROR]: Chunk [-11, -5] stream is truncated: expected 4319 but read 4091
[20:06:40] [IO-Worker-10/ERROR]: Chunk [10, -10] stream is truncated: expected 4837 but read 4091
[20:06:40] [Server thread/INFO]: Preparing spawn area: 0%
[20:06:40] [Server thread/INFO]: Preparing spawn area: 0%
[20:06:40] [Server thread/INFO]: Preparing spawn area: 0%
[20:06:40] [Server thread/INFO]: Preparing spawn area: 0%
[20:06:40] [Server thread/INFO]: Preparing spawn area: 0%
[20:06:43] [Worker-Main-6/INFO]: Preparing spawn area: 0%
[20:06:43] [Worker-Main-5/INFO]: Preparing spawn area: 0%
[20:06:43] [Worker-Main-5/INFO]: Preparing spawn area: 0%
[20:06:43] [Worker-Main-5/INFO]: Preparing spawn area: 0%
[20:06:43] [Worker-Main-5/INFO]: Preparing spawn area: 0%
[20:06:43] [Server thread/INFO]: Preparing spawn area: 0%
[20:06:44] [Worker-Main-6/INFO]: Preparing spawn area: 74%
[20:06:44] [Worker-Main-4/INFO]: Preparing spawn area: 74%
[20:06:45] [Worker-Main-5/INFO]: Preparing spawn area: 74%
[20:06:45] [Worker-Main-6/INFO]: Preparing spawn area: 76%
[20:06:46] [Worker-Main-5/INFO]: Preparing spawn area: 78%
[20:06:46] [Worker-Main-5/INFO]: Preparing spawn area: 78%
[20:06:47] [Worker-Main-6/INFO]: Preparing spawn area: 80%
[20:06:47] [Worker-Main-4/INFO]: Preparing spawn area: 83%
[20:06:48] [Worker-Main-4/INFO]: Preparing spawn area: 86%
[20:06:48] [Worker-Main-5/INFO]: Preparing spawn area: 90%
[20:06:49] [Worker-Main-4/INFO]: Preparing spawn area: 94%
[20:06:49] [Worker-Main-5/INFO]: Preparing spawn area: 96%
[20:06:50] [Server thread/INFO]: Time elapsed: 11840 ms
[20:06:50] [Server thread/INFO]: Done (11.927s)! For help, type "help"
[20:07:19] [Server thread/INFO]: Stopping the server
[20:07:19] [Server thread/INFO]: Stopping server
[20:07:19] [Server thread/INFO]: Saving players
[20:07:19] [Server thread/INFO]: Saving worlds
[20:07:19] [Server thread/INFO]: Saving chunks for level 'ServerLevel[world]'/minecraft:overworld
[20:07:20] [Server thread/INFO]: ThreadedAnvilChunkStorage (world): All chunks are saved
[20:07:20] [Server thread/INFO]: Saving chunks for level 'ServerLevel[world]'/minecraft:the_nether
[20:07:20] [Server thread/INFO]: ThreadedAnvilChunkStorage (DIM-1): All chunks are saved
[20:07:20] [Server thread/INFO]: Saving chunks for level 'ServerLevel[world]'/minecraft:the_end
[20:07:20] [Server thread/INFO]: ThreadedAnvilChunkStorage (DIM1): All chunks are saved
[20:07:20] [Server thread/INFO]: ThreadedAnvilChunkStorage (world): All chunks are saved
[20:07:20] [Server thread/INFO]: ThreadedAnvilChunkStorage (DIM-1): All chunks are saved
[20:07:20] [Server thread/INFO]: ThreadedAnvilChunkStorage (DIM1): All chunks are saved
